Using pre-set license
Built from '2020.3/staging' branch; Version is '2020.3.4f1 (0abb6314276a) revision 703331'; Using compiler version '192528614'; Build Type 'Release'
OS: 'Windows 10 Pro; OS build 19043.1165; Version 2009; 64bit' Language: 'ko' Physical Memory: 32717 MB
BatchMode: 1, IsHumanControllingUs: 0, StartBugReporterOnCrash: 0, Is64bit: 1, IsPro: 0

 COMMAND LINE ARGUMENTS:
C:\Program Files\Unity\Hub\Editor\2020.3.4f1\Editor\Unity.exe
-adb2
-batchMode
-noUpm
-name
AssetImportWorker0
-projectPath
C:/Users/audtj/OneDrive/Desktop/unityHub/Maze VR Game Project
-logFile
Logs/AssetImportWorker0.log
-srvPort
63404
Successfully changed project path to: C:/Users/audtj/OneDrive/Desktop/unityHub/Maze VR Game Project
C:/Users/audtj/OneDrive/Desktop/unityHub/Maze VR Game Project
Using Asset Import Pipeline V2.
Refreshing native plugins compatible for Editor in 82.86 ms, found 9 plugins.
Preloading 2 native plugins for Editor in 3.07 ms.
Initialize engine version: 2020.3.4f1 (0abb6314276a)
[Subsystems] Discovering subsystems at path C:/Program Files/Unity/Hub/Editor/2020.3.4f1/Editor/Data/Resources/UnitySubsystems
[Subsystems] Discovering subsystems at path C:/Users/audtj/OneDrive/Desktop/unityHub/Maze VR Game Project/Assets
GfxDevice: creating device client; threaded=0
Direct3D:
    Version:  Direct3D 11.0 [level 11.1]
    Renderer: NVIDIA GeForce RTX 2060 SUPER (ID=0x1f06)
    Vendor:   
    VRAM:     8031 MB
    Driver:   30.0.14.7141
Initialize mono
Mono path[0] = 'C:/Program Files/Unity/Hub/Editor/2020.3.4f1/Editor/Data/Managed'
Mono path[1] = 'C:/Program Files/Unity/Hub/Editor/2020.3.4f1/Editor/Data/MonoBleedingEdge/lib/mono/unityjit'
Mono config path = 'C:/Program Files/Unity/Hub/Editor/2020.3.4f1/Editor/Data/MonoBleedingEdge/etc'
Using monoOptions --debugger-agent=transport=dt_socket,embedding=1,server=y,suspend=n,address=127.0.0.1:56632
Begin MonoManager ReloadAssembly
Registering precompiled unity dll's ...
Register platform support module: C:/Program Files/Unity/Hub/Editor/2020.3.4f1/Editor/Data/PlaybackEngines/WindowsStandaloneSupport/UnityEditor.WindowsStandalone.Extensions.dll
Registered in 0.006408 seconds.
Native extension for WindowsStandalone target not found
Refreshing native plugins compatible for Editor in 78.94 ms, found 9 plugins.
Preloading 2 native plugins for Editor in 0.49 ms.
Mono: successfully reloaded assembly
- Completed reload, in  1.915 seconds
Platform modules already initialized, skipping
Registering precompiled user dll's ...
Registered in 0.014900 seconds.
Begin MonoManager ReloadAssembly
Native extension for WindowsStandalone target not found
Refreshing native plugins compatible for Editor in 65.17 ms, found 9 plugins.
Preloading 2 native plugins for Editor in 0.32 ms.
[XR] OculusXRPlugin: registering subsystems
[XR] Unable to register display lifecyle provider: [1]
[XR] Oculus Input lifecycle provider registered.
[XR] Unable to register input lifecyle provider: [1]
NullReferenceException: Object reference not set to an instance of an object
  at Unity.XR.Oculus.OculusLoader.AssetPathToAbsolutePath (System.String assetPath) [0x00048] in C:\Users\audtj\OneDrive\Desktop\unityHub\Maze VR Game Project\Library\PackageCache\com.unity.xr.oculus@1.9.1\Runtime\OculusLoader.cs:249 
  at Unity.XR.Oculus.OculusLoader.EditorLoadOVRPlugin () [0x0007b] in C:\Users\audtj\OneDrive\Desktop\unityHub\Maze VR Game Project\Library\PackageCache\com.unity.xr.oculus@1.9.1\Runtime\OculusLoader.cs:234 

(Filename: Library/PackageCache/com.unity.xr.oculus@1.9.1/Runtime/OculusLoader.cs Line: 249)

Mono: successfully reloaded assembly
- Completed reload, in  1.286 seconds
Platform modules already initialized, skipping
========================================================================
Worker process is ready to serve import requests
Shader 'Universal Render Pipeline/Particles/Lit': fallback shader 'Universal Render Pipeline/Particles/SimpleLit' not found
Shader 'Universal Render Pipeline/Particles/Lit': fallback shader 'Universal Render Pipeline/Particles/SimpleLit' not found
Launched and connected shader compiler UnityShaderCompiler.exe after 0.05 seconds
Refreshing native plugins compatible for Editor in 0.91 ms, found 9 plugins.
Preloading 2 native plugins for Editor in 0.36 ms.
Unloading 3178 Unused Serialized files (Serialized files now loaded: 0)
System memory in use before: 146.3 MB.
System memory in use after: 144.0 MB.

Unloading 44 unused Assets to reduce memory usage. Loaded Objects now: 3604.
Total: 3.622000 ms (FindLiveObjects: 0.411800 ms CreateObjectMapping: 0.081200 ms MarkObjects: 2.121500 ms  DeleteObjects: 1.006000 ms)

========================================================================
Received Import Request.
  path: Assets/Scripts/Gun.cs
  artifactKey: Guid(80a5c8e802c47364b8c4b97286e2d120) Importer(815301076,1909f56bfc062723c751e8b465ee728b)
Start importing Assets/Scripts/Gun.cs using Guid(80a5c8e802c47364b8c4b97286e2d120) Importer(815301076,1909f56bfc062723c751e8b465ee728b)  -> (artifact id: '069dd77c8e046f06a8bdcdcee468cb80') in 0.032635 seconds
  Import took 0.037365 seconds .

========================================================================
Received Import Request.
  Time since last request: 1033.416290 seconds.
  path: Assets/Scripts/Gun.cs
  artifactKey: Guid(80a5c8e802c47364b8c4b97286e2d120) Importer(815301076,1909f56bfc062723c751e8b465ee728b)
Start importing Assets/Scripts/Gun.cs using Guid(80a5c8e802c47364b8c4b97286e2d120) Importer(815301076,1909f56bfc062723c751e8b465ee728b)  -> (artifact id: 'd3724b48dfaf587a4f5a4c69be9f2bfe') in 0.003272 seconds
  Import took 0.008399 seconds .

========================================================================
Received Import Request.
  Time since last request: 76.399168 seconds.
  path: Assets/Scripts/Gun.cs
  artifactKey: Guid(80a5c8e802c47364b8c4b97286e2d120) Importer(815301076,1909f56bfc062723c751e8b465ee728b)
Start importing Assets/Scripts/Gun.cs using Guid(80a5c8e802c47364b8c4b97286e2d120) Importer(815301076,1909f56bfc062723c751e8b465ee728b)  -> (artifact id: '0d77c1f969b480b6ae20fe2d1b661ab2') in 0.002968 seconds
  Import took 0.007898 seconds .

========================================================================
Received Import Request.
  Time since last request: 100.670131 seconds.
  path: Assets/Scripts/Gun.cs
  artifactKey: Guid(80a5c8e802c47364b8c4b97286e2d120) Importer(815301076,1909f56bfc062723c751e8b465ee728b)
Start importing Assets/Scripts/Gun.cs using Guid(80a5c8e802c47364b8c4b97286e2d120) Importer(815301076,1909f56bfc062723c751e8b465ee728b)  -> (artifact id: 'c3c85b84d9138f5b60d9076ed256aba8') in 0.003156 seconds
  Import took 0.008049 seconds .

========================================================================
Received Import Request.
  Time since last request: 0.084357 seconds.
  path: Assets/Scripts/Gun.cs
  artifactKey: Guid(80a5c8e802c47364b8c4b97286e2d120) Importer(815301076,1909f56bfc062723c751e8b465ee728b)
Start importing Assets/Scripts/Gun.cs using Guid(80a5c8e802c47364b8c4b97286e2d120) Importer(815301076,1909f56bfc062723c751e8b465ee728b)  -> (artifact id: 'c3c85b84d9138f5b60d9076ed256aba8') in 0.002966 seconds
  Import took 0.008099 seconds .

========================================================================
Received Import Request.
  Time since last request: 31.766154 seconds.
  path: Assets/Scripts/Gun.cs
  artifactKey: Guid(80a5c8e802c47364b8c4b97286e2d120) Importer(815301076,1909f56bfc062723c751e8b465ee728b)
Start importing Assets/Scripts/Gun.cs using Guid(80a5c8e802c47364b8c4b97286e2d120) Importer(815301076,1909f56bfc062723c751e8b465ee728b)  -> (artifact id: '6c9b7c8951f5e331e92d9d1e9f434dcd') in 0.003034 seconds
  Import took 0.007991 seconds .

========================================================================
Received Import Request.
  Time since last request: 14.702887 seconds.
  path: Assets/Scripts/Gun.cs
  artifactKey: Guid(80a5c8e802c47364b8c4b97286e2d120) Importer(815301076,1909f56bfc062723c751e8b465ee728b)
Start importing Assets/Scripts/Gun.cs using Guid(80a5c8e802c47364b8c4b97286e2d120) Importer(815301076,1909f56bfc062723c751e8b465ee728b)  -> (artifact id: '5572cc4b4eb75b329f09a2d9c9254123') in 0.003023 seconds
  Import took 0.007646 seconds .

========================================================================
Received Import Request.
  Time since last request: 23.310049 seconds.
  path: Assets/Scripts/Gun.cs
  artifactKey: Guid(80a5c8e802c47364b8c4b97286e2d120) Importer(815301076,1909f56bfc062723c751e8b465ee728b)
Start importing Assets/Scripts/Gun.cs using Guid(80a5c8e802c47364b8c4b97286e2d120) Importer(815301076,1909f56bfc062723c751e8b465ee728b)  -> (artifact id: 'e567873ceb9b2f70c068f14393b8a6f7') in 0.003092 seconds
  Import took 0.007980 seconds .

========================================================================
Received Import Request.
  Time since last request: 18.239443 seconds.
  path: Assets/Scripts/Gun.cs
  artifactKey: Guid(80a5c8e802c47364b8c4b97286e2d120) Importer(815301076,1909f56bfc062723c751e8b465ee728b)
Start importing Assets/Scripts/Gun.cs using Guid(80a5c8e802c47364b8c4b97286e2d120) Importer(815301076,1909f56bfc062723c751e8b465ee728b)  -> (artifact id: '47be9f5fd1e7653e250537e049a12fc8') in 0.003595 seconds
  Import took 0.008561 seconds .

========================================================================
Received Import Request.
  Time since last request: 0.002523 seconds.
  path: Assets/Scripts/Gun.cs
  artifactKey: Guid(80a5c8e802c47364b8c4b97286e2d120) Importer(815301076,1909f56bfc062723c751e8b465ee728b)
Start importing Assets/Scripts/Gun.cs using Guid(80a5c8e802c47364b8c4b97286e2d120) Importer(815301076,1909f56bfc062723c751e8b465ee728b)  -> (artifact id: '47be9f5fd1e7653e250537e049a12fc8') in 0.002967 seconds
  Import took 0.007885 seconds .

========================================================================
Received Import Request.
  Time since last request: 31.805479 seconds.
  path: Assets/Scripts/Gun.cs
  artifactKey: Guid(80a5c8e802c47364b8c4b97286e2d120) Importer(815301076,1909f56bfc062723c751e8b465ee728b)
Start importing Assets/Scripts/Gun.cs using Guid(80a5c8e802c47364b8c4b97286e2d120) Importer(815301076,1909f56bfc062723c751e8b465ee728b)  -> (artifact id: '0606979981e66615c1d87f88787d21e6') in 0.003216 seconds
  Import took 0.008415 seconds .

========================================================================
Received Import Request.
  Time since last request: 25.975092 seconds.
  path: Assets/Scripts/Gun.cs
  artifactKey: Guid(80a5c8e802c47364b8c4b97286e2d120) Importer(815301076,1909f56bfc062723c751e8b465ee728b)
Start importing Assets/Scripts/Gun.cs using Guid(80a5c8e802c47364b8c4b97286e2d120) Importer(815301076,1909f56bfc062723c751e8b465ee728b)  -> (artifact id: '136af384c54d340be1c82a4e8eb7f9a2') in 0.002955 seconds
  Import took 0.007904 seconds .

========================================================================
Received Import Request.
  Time since last request: 12.462969 seconds.
  path: Assets/Scripts/Gun.cs
  artifactKey: Guid(80a5c8e802c47364b8c4b97286e2d120) Importer(815301076,1909f56bfc062723c751e8b465ee728b)
Start importing Assets/Scripts/Gun.cs using Guid(80a5c8e802c47364b8c4b97286e2d120) Importer(815301076,1909f56bfc062723c751e8b465ee728b)  -> (artifact id: '15d7caf142f53c6471ee24c5b65edc28') in 0.003113 seconds
  Import took 0.007806 seconds .

========================================================================
Received Import Request.
  Time since last request: 18.647114 seconds.
  path: Assets/Scripts/Gun.cs
  artifactKey: Guid(80a5c8e802c47364b8c4b97286e2d120) Importer(815301076,1909f56bfc062723c751e8b465ee728b)
Start importing Assets/Scripts/Gun.cs using Guid(80a5c8e802c47364b8c4b97286e2d120) Importer(815301076,1909f56bfc062723c751e8b465ee728b)  -> (artifact id: '17e2824f3a8c61a95feb96e3405989f0') in 0.003469 seconds
  Import took 0.008421 seconds .

========================================================================
Received Import Request.
  Time since last request: 9.938497 seconds.
  path: Assets/Scripts/Gun.cs
  artifactKey: Guid(80a5c8e802c47364b8c4b97286e2d120) Importer(815301076,1909f56bfc062723c751e8b465ee728b)
Start importing Assets/Scripts/Gun.cs using Guid(80a5c8e802c47364b8c4b97286e2d120) Importer(815301076,1909f56bfc062723c751e8b465ee728b)  -> (artifact id: '98cba74534f05db79f65004b4b471b4f') in 0.003240 seconds
  Import took 0.008960 seconds .

========================================================================
Received Import Request.
  Time since last request: 30.062710 seconds.
  path: Assets/Scripts/Gun.cs
  artifactKey: Guid(80a5c8e802c47364b8c4b97286e2d120) Importer(815301076,1909f56bfc062723c751e8b465ee728b)
Start importing Assets/Scripts/Gun.cs using Guid(80a5c8e802c47364b8c4b97286e2d120) Importer(815301076,1909f56bfc062723c751e8b465ee728b)  -> (artifact id: 'f16acb14c2249ac336076c1fb3be2bcb') in 0.002897 seconds
  Import took 0.008441 seconds .

========================================================================
Received Import Request.
  Time since last request: 0.087696 seconds.
  path: Assets/Scripts/Gun.cs
  artifactKey: Guid(80a5c8e802c47364b8c4b97286e2d120) Importer(815301076,1909f56bfc062723c751e8b465ee728b)
Start importing Assets/Scripts/Gun.cs using Guid(80a5c8e802c47364b8c4b97286e2d120) Importer(815301076,1909f56bfc062723c751e8b465ee728b)  -> (artifact id: 'f16acb14c2249ac336076c1fb3be2bcb') in 0.003901 seconds
  Import took 0.009660 seconds .

========================================================================
Received Import Request.
  Time since last request: 83.384022 seconds.
  path: Assets/Scripts/Gun.cs
  artifactKey: Guid(80a5c8e802c47364b8c4b97286e2d120) Importer(815301076,1909f56bfc062723c751e8b465ee728b)
Start importing Assets/Scripts/Gun.cs using Guid(80a5c8e802c47364b8c4b97286e2d120) Importer(815301076,1909f56bfc062723c751e8b465ee728b)  -> (artifact id: '492c2fc632e0815cdb0019fea91290cf') in 0.003280 seconds
  Import took 0.009293 seconds .

========================================================================
Received Import Request.
  Time since last request: 54.760143 seconds.
  path: Assets/Scripts/Gun.cs
  artifactKey: Guid(80a5c8e802c47364b8c4b97286e2d120) Importer(815301076,1909f56bfc062723c751e8b465ee728b)
Start importing Assets/Scripts/Gun.cs using Guid(80a5c8e802c47364b8c4b97286e2d120) Importer(815301076,1909f56bfc062723c751e8b465ee728b)  -> (artifact id: '6f7729d2f6ab3b958934ab0a209a8664') in 0.002764 seconds
  Import took 0.008080 seconds .

========================================================================
Received Import Request.
  Time since last request: 0.041376 seconds.
  path: Assets/Scripts/Gun.cs
  artifactKey: Guid(80a5c8e802c47364b8c4b97286e2d120) Importer(815301076,1909f56bfc062723c751e8b465ee728b)
Start importing Assets/Scripts/Gun.cs using Guid(80a5c8e802c47364b8c4b97286e2d120) Importer(815301076,1909f56bfc062723c751e8b465ee728b)  -> (artifact id: '6f7729d2f6ab3b958934ab0a209a8664') in 0.002867 seconds
  Import took 0.008357 seconds .

========================================================================
Received Import Request.
  Time since last request: 5.638681 seconds.
  path: Assets/Scripts/Gun.cs
  artifactKey: Guid(80a5c8e802c47364b8c4b97286e2d120) Importer(815301076,1909f56bfc062723c751e8b465ee728b)
Start importing Assets/Scripts/Gun.cs using Guid(80a5c8e802c47364b8c4b97286e2d120) Importer(815301076,1909f56bfc062723c751e8b465ee728b)  -> (artifact id: 'dc3fc787aaf910e1d699d670966055cd') in 0.003364 seconds
  Import took 0.009229 seconds .

========================================================================
Received Import Request.
  Time since last request: 44.393984 seconds.
  path: Assets/Scripts/Gun.cs
  artifactKey: Guid(80a5c8e802c47364b8c4b97286e2d120) Importer(815301076,1909f56bfc062723c751e8b465ee728b)
Start importing Assets/Scripts/Gun.cs using Guid(80a5c8e802c47364b8c4b97286e2d120) Importer(815301076,1909f56bfc062723c751e8b465ee728b)  -> (artifact id: '177b3020d61d04b837087f4a06dcd225') in 0.003695 seconds
  Import took 0.009359 seconds .

========================================================================
Received Import Request.
  Time since last request: 20.093564 seconds.
  path: Assets/Scripts/Gun.cs
  artifactKey: Guid(80a5c8e802c47364b8c4b97286e2d120) Importer(815301076,1909f56bfc062723c751e8b465ee728b)
Start importing Assets/Scripts/Gun.cs using Guid(80a5c8e802c47364b8c4b97286e2d120) Importer(815301076,1909f56bfc062723c751e8b465ee728b)  -> (artifact id: '5093d6134bd5f50a6b1d964c0ed5d756') in 0.003068 seconds
  Import took 0.008174 seconds .

========================================================================
Received Import Request.
  Time since last request: 14.948574 seconds.
  path: Assets/Scripts/Gun.cs
  artifactKey: Guid(80a5c8e802c47364b8c4b97286e2d120) Importer(815301076,1909f56bfc062723c751e8b465ee728b)
Start importing Assets/Scripts/Gun.cs using Guid(80a5c8e802c47364b8c4b97286e2d120) Importer(815301076,1909f56bfc062723c751e8b465ee728b)  -> (artifact id: '470119cee1d644986b80641ff22be345') in 0.003017 seconds
  Import took 0.008070 seconds .

========================================================================
Received Import Request.
  Time since last request: 0.002364 seconds.
  path: Assets/Scripts/Gun.cs
  artifactKey: Guid(80a5c8e802c47364b8c4b97286e2d120) Importer(815301076,1909f56bfc062723c751e8b465ee728b)
Start importing Assets/Scripts/Gun.cs using Guid(80a5c8e802c47364b8c4b97286e2d120) Importer(815301076,1909f56bfc062723c751e8b465ee728b)  -> (artifact id: '470119cee1d644986b80641ff22be345') in 0.002715 seconds
  Import took 0.007116 seconds .

========================================================================
Received Import Request.
  Time since last request: 22.915150 seconds.
  path: Assets/Scripts/Gun.cs
  artifactKey: Guid(80a5c8e802c47364b8c4b97286e2d120) Importer(815301076,1909f56bfc062723c751e8b465ee728b)
Start importing Assets/Scripts/Gun.cs using Guid(80a5c8e802c47364b8c4b97286e2d120) Importer(815301076,1909f56bfc062723c751e8b465ee728b)  -> (artifact id: '0bcb54868a9c13e13c6fc60b3ec36737') in 0.003337 seconds
  Import took 0.008276 seconds .

========================================================================
Received Import Request.
  Time since last request: 6.103347 seconds.
  path: Assets/Scripts/Gun.cs
  artifactKey: Guid(80a5c8e802c47364b8c4b97286e2d120) Importer(815301076,1909f56bfc062723c751e8b465ee728b)
Start importing Assets/Scripts/Gun.cs using Guid(80a5c8e802c47364b8c4b97286e2d120) Importer(815301076,1909f56bfc062723c751e8b465ee728b)  -> (artifact id: '52ccfaa307f3dca2d6068e443a182e6c') in 0.002897 seconds
  Import took 0.007989 seconds .

========================================================================
Received Import Request.
  Time since last request: 3.356679 seconds.
  path: Assets/Scripts/Gun.cs
  artifactKey: Guid(80a5c8e802c47364b8c4b97286e2d120) Importer(815301076,1909f56bfc062723c751e8b465ee728b)
Start importing Assets/Scripts/Gun.cs using Guid(80a5c8e802c47364b8c4b97286e2d120) Importer(815301076,1909f56bfc062723c751e8b465ee728b)  -> (artifact id: '41bddcbb79e1a4d9e2ce4e5579a91c24') in 0.003311 seconds
  Import took 0.009420 seconds .

========================================================================
Received Import Request.
  Time since last request: 3.258180 seconds.
  path: Assets/Scripts/Gun.cs
  artifactKey: Guid(80a5c8e802c47364b8c4b97286e2d120) Importer(815301076,1909f56bfc062723c751e8b465ee728b)
Start importing Assets/Scripts/Gun.cs using Guid(80a5c8e802c47364b8c4b97286e2d120) Importer(815301076,1909f56bfc062723c751e8b465ee728b)  -> (artifact id: '98a7ebbb960b1f80a4392f692b149a24') in 0.003121 seconds
  Import took 0.007703 seconds .

========================================================================
Received Import Request.
  Time since last request: 18.261114 seconds.
  path: Assets/Scripts/Gun.cs
  artifactKey: Guid(80a5c8e802c47364b8c4b97286e2d120) Importer(815301076,1909f56bfc062723c751e8b465ee728b)
Start importing Assets/Scripts/Gun.cs using Guid(80a5c8e802c47364b8c4b97286e2d120) Importer(815301076,1909f56bfc062723c751e8b465ee728b)  -> (artifact id: 'ae3f6a320c820edfdab24a8a63a330c0') in 0.002887 seconds
  Import took 0.008041 seconds .

========================================================================
Received Prepare
Registering precompiled user dll's ...
Registered in 0.016397 seconds.
Begin MonoManager ReloadAssembly
Native extension for WindowsStandalone target not found
Refreshing native plugins compatible for Editor in 0.91 ms, found 9 plugins.
Preloading 2 native plugins for Editor in 0.29 ms.
NullReferenceException: Object reference not set to an instance of an object
  at Unity.XR.Oculus.OculusLoader.AssetPathToAbsolutePath (System.String assetPath) [0x00048] in C:\Users\audtj\OneDrive\Desktop\unityHub\Maze VR Game Project\Library\PackageCache\com.unity.xr.oculus@1.9.1\Runtime\OculusLoader.cs:249 
  at Unity.XR.Oculus.OculusLoader.EditorLoadOVRPlugin () [0x0007b] in C:\Users\audtj\OneDrive\Desktop\unityHub\Maze VR Game Project\Library\PackageCache\com.unity.xr.oculus@1.9.1\Runtime\OculusLoader.cs:234 

(Filename: Library/PackageCache/com.unity.xr.oculus@1.9.1/Runtime/OculusLoader.cs Line: 249)

Mono: successfully reloaded assembly
- Completed reload, in  1.032 seconds
Platform modules already initialized, skipping
Switching build target platform(5) subTarget(0) extendedPlatform(0) -> platform(13) subTarget(524288) extendedPlatform(0)
Shader 'Universal Render Pipeline/Particles/Lit': fallback shader 'Universal Render Pipeline/Particles/SimpleLit' not found
Shader 'Universal Render Pipeline/Particles/Lit': fallback shader 'Universal Render Pipeline/Particles/SimpleLit' not found
Refreshing native plugins compatible for Editor in 0.86 ms, found 9 plugins.
Preloading 2 native plugins for Editor in 0.28 ms.
Unloading 3068 Unused Serialized files (Serialized files now loaded: 0)
System memory in use before: 140.7 MB.
System memory in use after: 138.5 MB.

Unloading 37 unused Assets to reduce memory usage. Loaded Objects now: 3608.
Total: 4.302200 ms (FindLiveObjects: 0.375100 ms CreateObjectMapping: 0.270700 ms MarkObjects: 2.594300 ms  DeleteObjects: 1.060500 ms)

AssetImportParameters requested are different than current active one (requested -> active):
  custom:graphics/normal-map-encoding: 01000000000000000000000000000000 -> 02000000000000000000000000000000
========================================================================
Received Prepare
Registering precompiled user dll's ...
Registered in 0.013546 seconds.
Begin MonoManager ReloadAssembly
Native extension for WindowsStandalone target not found
Refreshing native plugins compatible for Editor in 0.98 ms, found 9 plugins.
Preloading 2 native plugins for Editor in 0.35 ms.
NullReferenceException: Object reference not set to an instance of an object
  at Unity.XR.Oculus.OculusLoader.AssetPathToAbsolutePath (System.String assetPath) [0x00048] in C:\Users\audtj\OneDrive\Desktop\unityHub\Maze VR Game Project\Library\PackageCache\com.unity.xr.oculus@1.9.1\Runtime\OculusLoader.cs:249 
  at Unity.XR.Oculus.OculusLoader.EditorLoadOVRPlugin () [0x0007b] in C:\Users\audtj\OneDrive\Desktop\unityHub\Maze VR Game Project\Library\PackageCache\com.unity.xr.oculus@1.9.1\Runtime\OculusLoader.cs:234 

(Filename: Library/PackageCache/com.unity.xr.oculus@1.9.1/Runtime/OculusLoader.cs Line: 249)

Mono: successfully reloaded assembly
- Completed reload, in  1.020 seconds
Platform modules already initialized, skipping
Switching build target platform(5) subTarget(0) extendedPlatform(0) -> platform(13) subTarget(524288) extendedPlatform(0)
Shader 'Universal Render Pipeline/Particles/Lit': fallback shader 'Universal Render Pipeline/Particles/SimpleLit' not found
Shader 'Universal Render Pipeline/Particles/Lit': fallback shader 'Universal Render Pipeline/Particles/SimpleLit' not found
Refreshing native plugins compatible for Editor in 0.84 ms, found 9 plugins.
Preloading 2 native plugins for Editor in 0.28 ms.
Unloading 3068 Unused Serialized files (Serialized files now loaded: 0)
System memory in use before: 140.8 MB.
System memory in use after: 138.5 MB.

Unloading 37 unused Assets to reduce memory usage. Loaded Objects now: 3612.
Total: 3.563300 ms (FindLiveObjects: 0.471500 ms CreateObjectMapping: 0.102600 ms MarkObjects: 1.888000 ms  DeleteObjects: 1.100200 ms)

AssetImportParameters requested are different than current active one (requested -> active):
  custom:graphics/normal-map-encoding: 01000000000000000000000000000000 -> 02000000000000000000000000000000
========================================================================
Received Prepare
Registering precompiled user dll's ...
Registered in 0.011979 seconds.
Begin MonoManager ReloadAssembly
Native extension for WindowsStandalone target not found
Refreshing native plugins compatible for Editor in 0.85 ms, found 9 plugins.
Preloading 2 native plugins for Editor in 0.28 ms.
NullReferenceException: Object reference not set to an instance of an object
  at Unity.XR.Oculus.OculusLoader.AssetPathToAbsolutePath (System.String assetPath) [0x00048] in C:\Users\audtj\OneDrive\Desktop\unityHub\Maze VR Game Project\Library\PackageCache\com.unity.xr.oculus@1.9.1\Runtime\OculusLoader.cs:249 
  at Unity.XR.Oculus.OculusLoader.EditorLoadOVRPlugin () [0x0007b] in C:\Users\audtj\OneDrive\Desktop\unityHub\Maze VR Game Project\Library\PackageCache\com.unity.xr.oculus@1.9.1\Runtime\OculusLoader.cs:234 

(Filename: Library/PackageCache/com.unity.xr.oculus@1.9.1/Runtime/OculusLoader.cs Line: 249)

Mono: successfully reloaded assembly
- Completed reload, in  1.035 seconds
Platform modules already initialized, skipping
Switching build target platform(5) subTarget(0) extendedPlatform(0) -> platform(13) subTarget(524288) extendedPlatform(0)
Shader 'Universal Render Pipeline/Particles/Lit': fallback shader 'Universal Render Pipeline/Particles/SimpleLit' not found
Shader 'Universal Render Pipeline/Particles/Lit': fallback shader 'Universal Render Pipeline/Particles/SimpleLit' not found
Refreshing native plugins compatible for Editor in 0.83 ms, found 9 plugins.
Preloading 2 native plugins for Editor in 0.27 ms.
Unloading 3068 Unused Serialized files (Serialized files now loaded: 0)
System memory in use before: 140.8 MB.
System memory in use after: 138.6 MB.

Unloading 37 unused Assets to reduce memory usage. Loaded Objects now: 3616.
Total: 3.574500 ms (FindLiveObjects: 0.331100 ms CreateObjectMapping: 0.082600 ms MarkObjects: 1.910200 ms  DeleteObjects: 1.249500 ms)

AssetImportParameters requested are different than current active one (requested -> active):
  custom:graphics/normal-map-encoding: 01000000000000000000000000000000 -> 02000000000000000000000000000000
========================================================================
Received Prepare
Registering precompiled user dll's ...
Registered in 0.012051 seconds.
Begin MonoManager ReloadAssembly
Native extension for WindowsStandalone target not found
Refreshing native plugins compatible for Editor in 0.85 ms, found 9 plugins.
Preloading 2 native plugins for Editor in 0.28 ms.
NullReferenceException: Object reference not set to an instance of an object
  at Unity.XR.Oculus.OculusLoader.AssetPathToAbsolutePath (System.String assetPath) [0x00048] in C:\Users\audtj\OneDrive\Desktop\unityHub\Maze VR Game Project\Library\PackageCache\com.unity.xr.oculus@1.9.1\Runtime\OculusLoader.cs:249 
  at Unity.XR.Oculus.OculusLoader.EditorLoadOVRPlugin () [0x0007b] in C:\Users\audtj\OneDrive\Desktop\unityHub\Maze VR Game Project\Library\PackageCache\com.unity.xr.oculus@1.9.1\Runtime\OculusLoader.cs:234 

(Filename: Library/PackageCache/com.unity.xr.oculus@1.9.1/Runtime/OculusLoader.cs Line: 249)

Mono: successfully reloaded assembly
- Completed reload, in  1.045 seconds
Platform modules already initialized, skipping
Switching build target platform(5) subTarget(0) extendedPlatform(0) -> platform(13) subTarget(524288) extendedPlatform(0)
Shader 'Universal Render Pipeline/Particles/Lit': fallback shader 'Universal Render Pipeline/Particles/SimpleLit' not found
Shader 'Universal Render Pipeline/Particles/Lit': fallback shader 'Universal Render Pipeline/Particles/SimpleLit' not found
Refreshing native plugins compatible for Editor in 0.84 ms, found 9 plugins.
Preloading 2 native plugins for Editor in 0.27 ms.
Unloading 3068 Unused Serialized files (Serialized files now loaded: 0)
System memory in use before: 140.8 MB.
System memory in use after: 138.6 MB.

Unloading 37 unused Assets to reduce memory usage. Loaded Objects now: 3620.
Total: 3.475300 ms (FindLiveObjects: 0.344500 ms CreateObjectMapping: 0.082600 ms MarkObjects: 1.920700 ms  DeleteObjects: 1.126500 ms)

AssetImportParameters requested are different than current active one (requested -> active):
  custom:graphics/normal-map-encoding: 01000000000000000000000000000000 -> 02000000000000000000000000000000
========================================================================
Received Import Request.
  Time since last request: 1825.540868 seconds.
  path: Assets/Animations/Reload.anim
  artifactKey: Guid(da36678a9cc17a744b45f5bdbfb2e3c4) Importer(815301076,1909f56bfc062723c751e8b465ee728b)
Start importing Assets/Animations/Reload.anim using Guid(da36678a9cc17a744b45f5bdbfb2e3c4) Importer(815301076,1909f56bfc062723c751e8b465ee728b)  -> (artifact id: '99647adb529dd036836158220d517014') in 0.024039 seconds
  Import took 0.029440 seconds .

========================================================================
Received Import Request.
  Time since last request: 18.552047 seconds.
  path: Assets/Animator/Gun.controller
  artifactKey: Guid(eb550c88623bacc4d9e963b4ccf22e57) Importer(815301076,1909f56bfc062723c751e8b465ee728b)
Start importing Assets/Animator/Gun.controller using Guid(eb550c88623bacc4d9e963b4ccf22e57) Importer(815301076,1909f56bfc062723c751e8b465ee728b)  -> (artifact id: '682a8aa431027c8ef6048572cd23a46f') in 0.009777 seconds
  Import took 0.014922 seconds .

========================================================================
Received Import Request.
  Time since last request: 0.000717 seconds.
  path: Assets/Animator/Gun.controller
  artifactKey: Guid(eb550c88623bacc4d9e963b4ccf22e57) Importer(815301076,1909f56bfc062723c751e8b465ee728b)
Start importing Assets/Animator/Gun.controller using Guid(eb550c88623bacc4d9e963b4ccf22e57) Importer(815301076,1909f56bfc062723c751e8b465ee728b)  -> (artifact id: '682a8aa431027c8ef6048572cd23a46f') in 0.005254 seconds
  Import took 0.009447 seconds .

========================================================================
Received Prepare
Registering precompiled user dll's ...
Registered in 0.012560 seconds.
Begin MonoManager ReloadAssembly
Native extension for WindowsStandalone target not found
Refreshing native plugins compatible for Editor in 0.89 ms, found 9 plugins.
Preloading 2 native plugins for Editor in 0.29 ms.
NullReferenceException: Object reference not set to an instance of an object
  at Unity.XR.Oculus.OculusLoader.AssetPathToAbsolutePath (System.String assetPath) [0x00048] in C:\Users\audtj\OneDrive\Desktop\unityHub\Maze VR Game Project\Library\PackageCache\com.unity.xr.oculus@1.9.1\Runtime\OculusLoader.cs:249 
  at Unity.XR.Oculus.OculusLoader.EditorLoadOVRPlugin () [0x0007b] in C:\Users\audtj\OneDrive\Desktop\unityHub\Maze VR Game Project\Library\PackageCache\com.unity.xr.oculus@1.9.1\Runtime\OculusLoader.cs:234 

(Filename: Library/PackageCache/com.unity.xr.oculus@1.9.1/Runtime/OculusLoader.cs Line: 249)

Mono: successfully reloaded assembly
- Completed reload, in  1.085 seconds
Platform modules already initialized, skipping
Switching build target platform(5) subTarget(0) extendedPlatform(0) -> platform(13) subTarget(524288) extendedPlatform(0)
Shader 'Universal Render Pipeline/Particles/Lit': fallback shader 'Universal Render Pipeline/Particles/SimpleLit' not found
Shader 'Universal Render Pipeline/Particles/Lit': fallback shader 'Universal Render Pipeline/Particles/SimpleLit' not found
Refreshing native plugins compatible for Editor in 0.87 ms, found 9 plugins.
Preloading 2 native plugins for Editor in 0.35 ms.
Unloading 3068 Unused Serialized files (Serialized files now loaded: 0)
System memory in use before: 140.8 MB.
System memory in use after: 138.6 MB.

Unloading 37 unused Assets to reduce memory usage. Loaded Objects now: 3624.
Total: 3.747200 ms (FindLiveObjects: 0.371300 ms CreateObjectMapping: 0.082000 ms MarkObjects: 2.114900 ms  DeleteObjects: 1.177400 ms)

AssetImportParameters requested are different than current active one (requested -> active):
  custom:graphics/normal-map-encoding: 01000000000000000000000000000000 -> 02000000000000000000000000000000
========================================================================
Received Prepare
Registering precompiled user dll's ...
Registered in 0.014893 seconds.
Begin MonoManager ReloadAssembly
Native extension for WindowsStandalone target not found
Refreshing native plugins compatible for Editor in 1.46 ms, found 9 plugins.
Preloading 2 native plugins for Editor in 0.44 ms.
NullReferenceException: Object reference not set to an instance of an object
  at Unity.XR.Oculus.OculusLoader.AssetPathToAbsolutePath (System.String assetPath) [0x00048] in C:\Users\audtj\OneDrive\Desktop\unityHub\Maze VR Game Project\Library\PackageCache\com.unity.xr.oculus@1.9.1\Runtime\OculusLoader.cs:249 
  at Unity.XR.Oculus.OculusLoader.EditorLoadOVRPlugin () [0x0007b] in C:\Users\audtj\OneDrive\Desktop\unityHub\Maze VR Game Project\Library\PackageCache\com.unity.xr.oculus@1.9.1\Runtime\OculusLoader.cs:234 

(Filename: Library/PackageCache/com.unity.xr.oculus@1.9.1/Runtime/OculusLoader.cs Line: 249)

Mono: successfully reloaded assembly
- Completed reload, in  1.139 seconds
Platform modules already initialized, skipping
Switching build target platform(5) subTarget(0) extendedPlatform(0) -> platform(13) subTarget(524288) extendedPlatform(0)
Shader 'Universal Render Pipeline/Particles/Lit': fallback shader 'Universal Render Pipeline/Particles/SimpleLit' not found
Shader 'Universal Render Pipeline/Particles/Lit': fallback shader 'Universal Render Pipeline/Particles/SimpleLit' not found
Refreshing native plugins compatible for Editor in 0.87 ms, found 9 plugins.
Preloading 2 native plugins for Editor in 0.29 ms.
Unloading 3068 Unused Serialized files (Serialized files now loaded: 0)
System memory in use before: 140.8 MB.
System memory in use after: 138.6 MB.

Unloading 37 unused Assets to reduce memory usage. Loaded Objects now: 3628.
Total: 4.031200 ms (FindLiveObjects: 0.414900 ms CreateObjectMapping: 0.085200 ms MarkObjects: 2.248200 ms  DeleteObjects: 1.281300 ms)

AssetImportParameters requested are different than current active one (requested -> active):
  custom:graphics/normal-map-encoding: 01000000000000000000000000000000 -> 02000000000000000000000000000000
========================================================================
Received Prepare
Registering precompiled user dll's ...
Registered in 0.012104 seconds.
Begin MonoManager ReloadAssembly
Native extension for WindowsStandalone target not found
Refreshing native plugins compatible for Editor in 0.84 ms, found 9 plugins.
Preloading 2 native plugins for Editor in 0.29 ms.
NullReferenceException: Object reference not set to an instance of an object
  at Unity.XR.Oculus.OculusLoader.AssetPathToAbsolutePath (System.String assetPath) [0x00048] in C:\Users\audtj\OneDrive\Desktop\unityHub\Maze VR Game Project\Library\PackageCache\com.unity.xr.oculus@1.9.1\Runtime\OculusLoader.cs:249 
  at Unity.XR.Oculus.OculusLoader.EditorLoadOVRPlugin () [0x0007b] in C:\Users\audtj\OneDrive\Desktop\unityHub\Maze VR Game Project\Library\PackageCache\com.unity.xr.oculus@1.9.1\Runtime\OculusLoader.cs:234 

(Filename: Library/PackageCache/com.unity.xr.oculus@1.9.1/Runtime/OculusLoader.cs Line: 249)

Mono: successfully reloaded assembly
- Completed reload, in  1.085 seconds
Platform modules already initialized, skipping
Switching build target platform(5) subTarget(0) extendedPlatform(0) -> platform(13) subTarget(524288) extendedPlatform(0)
Shader 'Universal Render Pipeline/Particles/Lit': fallback shader 'Universal Render Pipeline/Particles/SimpleLit' not found
Shader 'Universal Render Pipeline/Particles/Lit': fallback shader 'Universal Render Pipeline/Particles/SimpleLit' not found
Refreshing native plugins compatible for Editor in 0.82 ms, found 9 plugins.
Preloading 2 native plugins for Editor in 0.27 ms.
Unloading 3068 Unused Serialized files (Serialized files now loaded: 0)
System memory in use before: 140.8 MB.
System memory in use after: 138.7 MB.

Unloading 37 unused Assets to reduce memory usage. Loaded Objects now: 3632.
Total: 3.431700 ms (FindLiveObjects: 0.329100 ms CreateObjectMapping: 0.080600 ms MarkObjects: 1.859800 ms  DeleteObjects: 1.161200 ms)

AssetImportParameters requested are different than current active one (requested -> active):
  custom:graphics/normal-map-encoding: 01000000000000000000000000000000 -> 02000000000000000000000000000000
========================================================================
Received Import Request.
  Time since last request: 281.481856 seconds.
  path: Assets/Animator/Gun.anim
  artifactKey: Guid(e2610eb5b4c97d34dbad65ca385709eb) Importer(815301076,1909f56bfc062723c751e8b465ee728b)
Start importing Assets/Animator/Gun.anim using Guid(e2610eb5b4c97d34dbad65ca385709eb) Importer(815301076,1909f56bfc062723c751e8b465ee728b)  -> (artifact id: 'c73962c38279a7f5dcb574336c97fe36') in 0.016984 seconds
  Import took 0.022704 seconds .

========================================================================
Received Import Request.
  Time since last request: 0.000374 seconds.
  path: Assets/Animator/Gun.anim
  artifactKey: Guid(e2610eb5b4c97d34dbad65ca385709eb) Importer(815301076,1909f56bfc062723c751e8b465ee728b)
Start importing Assets/Animator/Gun.anim using Guid(e2610eb5b4c97d34dbad65ca385709eb) Importer(815301076,1909f56bfc062723c751e8b465ee728b)  -> (artifact id: 'c73962c38279a7f5dcb574336c97fe36') in 0.004110 seconds
  Import took 0.008748 seconds .

========================================================================
Received Import Request.
  Time since last request: 18.550954 seconds.
  path: Assets/Animator/Gun.controller
  artifactKey: Guid(eb550c88623bacc4d9e963b4ccf22e57) Importer(815301076,1909f56bfc062723c751e8b465ee728b)
Start importing Assets/Animator/Gun.controller using Guid(eb550c88623bacc4d9e963b4ccf22e57) Importer(815301076,1909f56bfc062723c751e8b465ee728b)  -> (artifact id: '448050b1cde8eb2d52ae3dd7b7db4f83') in 0.004224 seconds
  Import took 0.008940 seconds .

========================================================================
Received Import Request.
  Time since last request: 11.330384 seconds.
  path: Assets/Animations/Gun.controller
  artifactKey: Guid(89d91373331356b48bc361f4cc7c8905) Importer(815301076,1909f56bfc062723c751e8b465ee728b)
Start importing Assets/Animations/Gun.controller using Guid(89d91373331356b48bc361f4cc7c8905) Importer(815301076,1909f56bfc062723c751e8b465ee728b)  -> (artifact id: '66e405d44cab4cba987c93c3b7cbe747') in 0.004207 seconds
  Import took 0.009544 seconds .

========================================================================
Received Prepare
Registering precompiled user dll's ...
Registered in 0.012191 seconds.
Begin MonoManager ReloadAssembly
Native extension for WindowsStandalone target not found
Refreshing native plugins compatible for Editor in 0.90 ms, found 9 plugins.
Preloading 2 native plugins for Editor in 0.31 ms.
NullReferenceException: Object reference not set to an instance of an object
  at Unity.XR.Oculus.OculusLoader.AssetPathToAbsolutePath (System.String assetPath) [0x00048] in C:\Users\audtj\OneDrive\Desktop\unityHub\Maze VR Game Project\Library\PackageCache\com.unity.xr.oculus@1.9.1\Runtime\OculusLoader.cs:249 
  at Unity.XR.Oculus.OculusLoader.EditorLoadOVRPlugin () [0x0007b] in C:\Users\audtj\OneDrive\Desktop\unityHub\Maze VR Game Project\Library\PackageCache\com.unity.xr.oculus@1.9.1\Runtime\OculusLoader.cs:234 

(Filename: Library/PackageCache/com.unity.xr.oculus@1.9.1/Runtime/OculusLoader.cs Line: 249)

Mono: successfully reloaded assembly
- Completed reload, in  1.122 seconds
Platform modules already initialized, skipping
Switching build target platform(5) subTarget(0) extendedPlatform(0) -> platform(13) subTarget(524288) extendedPlatform(0)
Shader 'Universal Render Pipeline/Particles/Lit': fallback shader 'Universal Render Pipeline/Particles/SimpleLit' not found
Shader 'Universal Render Pipeline/Particles/Lit': fallback shader 'Universal Render Pipeline/Particles/SimpleLit' not found
Refreshing native plugins compatible for Editor in 0.86 ms, found 9 plugins.
Preloading 2 native plugins for Editor in 0.29 ms.
Unloading 3068 Unused Serialized files (Serialized files now loaded: 0)
System memory in use before: 140.9 MB.
System memory in use after: 138.7 MB.

Unloading 37 unused Assets to reduce memory usage. Loaded Objects now: 3636.
Total: 4.042000 ms (FindLiveObjects: 0.426700 ms CreateObjectMapping: 0.083100 ms MarkObjects: 2.317800 ms  DeleteObjects: 1.212900 ms)

AssetImportParameters requested are different than current active one (requested -> active):
  custom:graphics/normal-map-encoding: 01000000000000000000000000000000 -> 02000000000000000000000000000000
========================================================================
Received Prepare
Registering precompiled user dll's ...
Registered in 0.012302 seconds.
Begin MonoManager ReloadAssembly
Native extension for WindowsStandalone target not found
Refreshing native plugins compatible for Editor in 0.84 ms, found 9 plugins.
Preloading 2 native plugins for Editor in 0.29 ms.
NullReferenceException: Object reference not set to an instance of an object
  at Unity.XR.Oculus.OculusLoader.AssetPathToAbsolutePath (System.String assetPath) [0x00048] in C:\Users\audtj\OneDrive\Desktop\unityHub\Maze VR Game Project\Library\PackageCache\com.unity.xr.oculus@1.9.1\Runtime\OculusLoader.cs:249 
  at Unity.XR.Oculus.OculusLoader.EditorLoadOVRPlugin () [0x0007b] in C:\Users\audtj\OneDrive\Desktop\unityHub\Maze VR Game Project\Library\PackageCache\com.unity.xr.oculus@1.9.1\Runtime\OculusLoader.cs:234 

(Filename: Library/PackageCache/com.unity.xr.oculus@1.9.1/Runtime/OculusLoader.cs Line: 249)

Mono: successfully reloaded assembly
- Completed reload, in  1.107 seconds
Platform modules already initialized, skipping
Switching build target platform(5) subTarget(0) extendedPlatform(0) -> platform(13) subTarget(524288) extendedPlatform(0)
Shader 'Universal Render Pipeline/Particles/Lit': fallback shader 'Universal Render Pipeline/Particles/SimpleLit' not found
Shader 'Universal Render Pipeline/Particles/Lit': fallback shader 'Universal Render Pipeline/Particles/SimpleLit' not found
Refreshing native plugins compatible for Editor in 0.86 ms, found 9 plugins.
Preloading 2 native plugins for Editor in 0.27 ms.
Unloading 3068 Unused Serialized files (Serialized files now loaded: 0)
System memory in use before: 140.9 MB.
System memory in use after: 138.7 MB.

Unloading 37 unused Assets to reduce memory usage. Loaded Objects now: 3640.
Total: 4.008300 ms (FindLiveObjects: 0.351900 ms CreateObjectMapping: 0.079100 ms MarkObjects: 2.347100 ms  DeleteObjects: 1.228900 ms)

AssetImportParameters requested are different than current active one (requested -> active):
  custom:graphics/normal-map-encoding: 01000000000000000000000000000000 -> 02000000000000000000000000000000
========================================================================
Received Prepare
Registering precompiled user dll's ...
Registered in 0.011950 seconds.
Begin MonoManager ReloadAssembly
Native extension for WindowsStandalone target not found
Refreshing native plugins compatible for Editor in 0.85 ms, found 9 plugins.
Preloading 2 native plugins for Editor in 0.29 ms.
NullReferenceException: Object reference not set to an instance of an object
  at Unity.XR.Oculus.OculusLoader.AssetPathToAbsolutePath (System.String assetPath) [0x00048] in C:\Users\audtj\OneDrive\Desktop\unityHub\Maze VR Game Project\Library\PackageCache\com.unity.xr.oculus@1.9.1\Runtime\OculusLoader.cs:249 
  at Unity.XR.Oculus.OculusLoader.EditorLoadOVRPlugin () [0x0007b] in C:\Users\audtj\OneDrive\Desktop\unityHub\Maze VR Game Project\Library\PackageCache\com.unity.xr.oculus@1.9.1\Runtime\OculusLoader.cs:234 

(Filename: Library/PackageCache/com.unity.xr.oculus@1.9.1/Runtime/OculusLoader.cs Line: 249)

Mono: successfully reloaded assembly
- Completed reload, in  1.204 seconds
Platform modules already initialized, skipping
Switching build target platform(5) subTarget(0) extendedPlatform(0) -> platform(13) subTarget(524288) extendedPlatform(0)
Shader 'Universal Render Pipeline/Particles/Lit': fallback shader 'Universal Render Pipeline/Particles/SimpleLit' not found
Shader 'Universal Render Pipeline/Particles/Lit': fallback shader 'Universal Render Pipeline/Particles/SimpleLit' not found
Refreshing native plugins compatible for Editor in 0.84 ms, found 9 plugins.
Preloading 2 native plugins for Editor in 0.28 ms.
Unloading 3068 Unused Serialized files (Serialized files now loaded: 0)
System memory in use before: 140.9 MB.
System memory in use after: 138.7 MB.

Unloading 37 unused Assets to reduce memory usage. Loaded Objects now: 3644.
Total: 4.095500 ms (FindLiveObjects: 0.455800 ms CreateObjectMapping: 0.085400 ms MarkObjects: 2.318300 ms  DeleteObjects: 1.234800 ms)

AssetImportParameters requested are different than current active one (requested -> active):
  custom:graphics/normal-map-encoding: 01000000000000000000000000000000 -> 02000000000000000000000000000000
========================================================================
Received Import Request.
  Time since last request: 386.630028 seconds.
  path: Assets/Animations/Reloading.anim
  artifactKey: Guid(e956541b078b2ce428d3055e1b28950e) Importer(815301076,1909f56bfc062723c751e8b465ee728b)
Start importing Assets/Animations/Reloading.anim using Guid(e956541b078b2ce428d3055e1b28950e) Importer(815301076,1909f56bfc062723c751e8b465ee728b)  -> (artifact id: '7bbeb3b83f967fb084c98169a464d188') in 0.014057 seconds
  Import took 0.019799 seconds .

========================================================================
Received Import Request.
  Time since last request: 6.358231 seconds.
  path: Assets/Animations/Fire.anim
  artifactKey: Guid(2db179419248dde45aaef863ca377d65) Importer(815301076,1909f56bfc062723c751e8b465ee728b)
Start importing Assets/Animations/Fire.anim using Guid(2db179419248dde45aaef863ca377d65) Importer(815301076,1909f56bfc062723c751e8b465ee728b)  -> (artifact id: '433f41241c63bead49f8647c425c3298') in 0.004059 seconds
  Import took 0.009132 seconds .

========================================================================
Received Import Request.
  Time since last request: 0.440597 seconds.
  path: Assets/Animations/Gun.controller
  artifactKey: Guid(89d91373331356b48bc361f4cc7c8905) Importer(815301076,1909f56bfc062723c751e8b465ee728b)
Start importing Assets/Animations/Gun.controller using Guid(89d91373331356b48bc361f4cc7c8905) Importer(815301076,1909f56bfc062723c751e8b465ee728b)  -> (artifact id: '703e8850b172fadb31e5c3c88283548d') in 0.005016 seconds
  Import took 0.009945 seconds .

========================================================================
Received Prepare
Registering precompiled user dll's ...
Registered in 0.012427 seconds.
Begin MonoManager ReloadAssembly
Native extension for WindowsStandalone target not found
Refreshing native plugins compatible for Editor in 0.84 ms, found 9 plugins.
Preloading 2 native plugins for Editor in 0.28 ms.
NullReferenceException: Object reference not set to an instance of an object
  at Unity.XR.Oculus.OculusLoader.AssetPathToAbsolutePath (System.String assetPath) [0x00048] in C:\Users\audtj\OneDrive\Desktop\unityHub\Maze VR Game Project\Library\PackageCache\com.unity.xr.oculus@1.9.1\Runtime\OculusLoader.cs:249 
  at Unity.XR.Oculus.OculusLoader.EditorLoadOVRPlugin () [0x0007b] in C:\Users\audtj\OneDrive\Desktop\unityHub\Maze VR Game Project\Library\PackageCache\com.unity.xr.oculus@1.9.1\Runtime\OculusLoader.cs:234 

(Filename: Library/PackageCache/com.unity.xr.oculus@1.9.1/Runtime/OculusLoader.cs Line: 249)

Mono: successfully reloaded assembly
- Completed reload, in  1.157 seconds
Platform modules already initialized, skipping
Switching build target platform(5) subTarget(0) extendedPlatform(0) -> platform(13) subTarget(524288) extendedPlatform(0)
Shader 'Universal Render Pipeline/Particles/Lit': fallback shader 'Universal Render Pipeline/Particles/SimpleLit' not found
Shader 'Universal Render Pipeline/Particles/Lit': fallback shader 'Universal Render Pipeline/Particles/SimpleLit' not found
Refreshing native plugins compatible for Editor in 0.86 ms, found 9 plugins.
Preloading 2 native plugins for Editor in 0.28 ms.
Unloading 3068 Unused Serialized files (Serialized files now loaded: 0)
System memory in use before: 140.9 MB.
System memory in use after: 138.7 MB.

Unloading 37 unused Assets to reduce memory usage. Loaded Objects now: 3648.
Total: 3.814500 ms (FindLiveObjects: 0.343200 ms CreateObjectMapping: 0.083100 ms MarkObjects: 2.151300 ms  DeleteObjects: 1.235200 ms)

AssetImportParameters requested are different than current active one (requested -> active):
  custom:graphics/normal-map-encoding: 01000000000000000000000000000000 -> 02000000000000000000000000000000
========================================================================
Received Prepare
Registering precompiled user dll's ...
Registered in 0.012376 seconds.
Begin MonoManager ReloadAssembly
Native extension for WindowsStandalone target not found
Refreshing native plugins compatible for Editor in 0.87 ms, found 9 plugins.
Preloading 2 native plugins for Editor in 0.28 ms.
NullReferenceException: Object reference not set to an instance of an object
  at Unity.XR.Oculus.OculusLoader.AssetPathToAbsolutePath (System.String assetPath) [0x00048] in C:\Users\audtj\OneDrive\Desktop\unityHub\Maze VR Game Project\Library\PackageCache\com.unity.xr.oculus@1.9.1\Runtime\OculusLoader.cs:249 
  at Unity.XR.Oculus.OculusLoader.EditorLoadOVRPlugin () [0x0007b] in C:\Users\audtj\OneDrive\Desktop\unityHub\Maze VR Game Project\Library\PackageCache\com.unity.xr.oculus@1.9.1\Runtime\OculusLoader.cs:234 

(Filename: Library/PackageCache/com.unity.xr.oculus@1.9.1/Runtime/OculusLoader.cs Line: 249)

Mono: successfully reloaded assembly
- Completed reload, in  1.157 seconds
Platform modules already initialized, skipping
Switching build target platform(5) subTarget(0) extendedPlatform(0) -> platform(13) subTarget(524288) extendedPlatform(0)
Shader 'Universal Render Pipeline/Particles/Lit': fallback shader 'Universal Render Pipeline/Particles/SimpleLit' not found
Shader 'Universal Render Pipeline/Particles/Lit': fallback shader 'Universal Render Pipeline/Particles/SimpleLit' not found
Refreshing native plugins compatible for Editor in 0.86 ms, found 9 plugins.
Preloading 2 native plugins for Editor in 0.28 ms.
Unloading 3068 Unused Serialized files (Serialized files now loaded: 0)
System memory in use before: 140.9 MB.
System memory in use after: 138.7 MB.

Unloading 37 unused Assets to reduce memory usage. Loaded Objects now: 3652.
Total: 4.294200 ms (FindLiveObjects: 0.461000 ms CreateObjectMapping: 0.106200 ms MarkObjects: 2.298900 ms  DeleteObjects: 1.390200 ms)

AssetImportParameters requested are different than current active one (requested -> active):
  custom:graphics/normal-map-encoding: 01000000000000000000000000000000 -> 02000000000000000000000000000000
========================================================================
Received Prepare
Registering precompiled user dll's ...
Registered in 0.013920 seconds.
Begin MonoManager ReloadAssembly
Native extension for WindowsStandalone target not found
Refreshing native plugins compatible for Editor in 0.89 ms, found 9 plugins.
Preloading 2 native plugins for Editor in 0.31 ms.
NullReferenceException: Object reference not set to an instance of an object
  at Unity.XR.Oculus.OculusLoader.AssetPathToAbsolutePath (System.String assetPath) [0x00048] in C:\Users\audtj\OneDrive\Desktop\unityHub\Maze VR Game Project\Library\PackageCache\com.unity.xr.oculus@1.9.1\Runtime\OculusLoader.cs:249 
  at Unity.XR.Oculus.OculusLoader.EditorLoadOVRPlugin () [0x0007b] in C:\Users\audtj\OneDrive\Desktop\unityHub\Maze VR Game Project\Library\PackageCache\com.unity.xr.oculus@1.9.1\Runtime\OculusLoader.cs:234 

(Filename: Library/PackageCache/com.unity.xr.oculus@1.9.1/Runtime/OculusLoader.cs Line: 249)

Mono: successfully reloaded assembly
- Completed reload, in  1.243 seconds
Platform modules already initialized, skipping
Switching build target platform(5) subTarget(0) extendedPlatform(0) -> platform(13) subTarget(524288) extendedPlatform(0)
Shader 'Universal Render Pipeline/Particles/Lit': fallback shader 'Universal Render Pipeline/Particles/SimpleLit' not found
Shader 'Universal Render Pipeline/Particles/Lit': fallback shader 'Universal Render Pipeline/Particles/SimpleLit' not found
Refreshing native plugins compatible for Editor in 0.87 ms, found 9 plugins.
Preloading 2 native plugins for Editor in 0.28 ms.
Unloading 3068 Unused Serialized files (Serialized files now loaded: 0)
System memory in use before: 140.9 MB.
System memory in use after: 138.7 MB.

Unloading 37 unused Assets to reduce memory usage. Loaded Objects now: 3656.
Total: 3.970400 ms (FindLiveObjects: 0.424400 ms CreateObjectMapping: 0.085300 ms MarkObjects: 2.244800 ms  DeleteObjects: 1.214600 ms)

AssetImportParameters requested are different than current active one (requested -> active):
  custom:graphics/normal-map-encoding: 01000000000000000000000000000000 -> 02000000000000000000000000000000
========================================================================
Received Import Request.
  Time since last request: 1418.326468 seconds.
  path: ProjectSettings/TagManager.asset
  artifactKey: Guid(00000000000000003000000000000000) Importer(815301076,1909f56bfc062723c751e8b465ee728b)
Start importing ProjectSettings/TagManager.asset using Guid(00000000000000003000000000000000) Importer(815301076,1909f56bfc062723c751e8b465ee728b)  -> (artifact id: '08752e804a1dc008872e4de87879344a') in 0.017836 seconds
  Import took 0.023625 seconds .

========================================================================
Received Prepare
Registering precompiled user dll's ...
Registered in 0.012053 seconds.
Begin MonoManager ReloadAssembly
Native extension for WindowsStandalone target not found
Refreshing native plugins compatible for Editor in 0.86 ms, found 9 plugins.
Preloading 2 native plugins for Editor in 0.29 ms.
NullReferenceException: Object reference not set to an instance of an object
  at Unity.XR.Oculus.OculusLoader.AssetPathToAbsolutePath (System.String assetPath) [0x00048] in C:\Users\audtj\OneDrive\Desktop\unityHub\Maze VR Game Project\Library\PackageCache\com.unity.xr.oculus@1.9.1\Runtime\OculusLoader.cs:249 
  at Unity.XR.Oculus.OculusLoader.EditorLoadOVRPlugin () [0x0007b] in C:\Users\audtj\OneDrive\Desktop\unityHub\Maze VR Game Project\Library\PackageCache\com.unity.xr.oculus@1.9.1\Runtime\OculusLoader.cs:234 

(Filename: Library/PackageCache/com.unity.xr.oculus@1.9.1/Runtime/OculusLoader.cs Line: 249)

Mono: successfully reloaded assembly
- Completed reload, in  1.228 seconds
Platform modules already initialized, skipping
Switching build target platform(5) subTarget(0) extendedPlatform(0) -> platform(13) subTarget(524288) extendedPlatform(0)
Shader 'Universal Render Pipeline/Particles/Lit': fallback shader 'Universal Render Pipeline/Particles/SimpleLit' not found
Shader 'Universal Render Pipeline/Particles/Lit': fallback shader 'Universal Render Pipeline/Particles/SimpleLit' not found
Refreshing native plugins compatible for Editor in 0.88 ms, found 9 plugins.
Preloading 2 native plugins for Editor in 0.29 ms.
Unloading 3068 Unused Serialized files (Serialized files now loaded: 0)
System memory in use before: 141.0 MB.
System memory in use after: 138.7 MB.

Unloading 38 unused Assets to reduce memory usage. Loaded Objects now: 3660.
Total: 3.788600 ms (FindLiveObjects: 0.401300 ms CreateObjectMapping: 0.083400 ms MarkObjects: 1.990000 ms  DeleteObjects: 1.312200 ms)

AssetImportParameters requested are different than current active one (requested -> active):
  custom:graphics/normal-map-encoding: 01000000000000000000000000000000 -> 02000000000000000000000000000000
========================================================================
Received Prepare
Registering precompiled user dll's ...
Registered in 0.012551 seconds.
Begin MonoManager ReloadAssembly
Native extension for WindowsStandalone target not found
Refreshing native plugins compatible for Editor in 0.86 ms, found 9 plugins.
Preloading 2 native plugins for Editor in 0.28 ms.
NullReferenceException: Object reference not set to an instance of an object
  at Unity.XR.Oculus.OculusLoader.AssetPathToAbsolutePath (System.String assetPath) [0x00048] in C:\Users\audtj\OneDrive\Desktop\unityHub\Maze VR Game Project\Library\PackageCache\com.unity.xr.oculus@1.9.1\Runtime\OculusLoader.cs:249 
  at Unity.XR.Oculus.OculusLoader.EditorLoadOVRPlugin () [0x0007b] in C:\Users\audtj\OneDrive\Desktop\unityHub\Maze VR Game Project\Library\PackageCache\com.unity.xr.oculus@1.9.1\Runtime\OculusLoader.cs:234 

(Filename: Library/PackageCache/com.unity.xr.oculus@1.9.1/Runtime/OculusLoader.cs Line: 249)

Mono: successfully reloaded assembly
- Completed reload, in  1.238 seconds
Platform modules already initialized, skipping
Switching build target platform(5) subTarget(0) extendedPlatform(0) -> platform(13) subTarget(524288) extendedPlatform(0)
Shader 'Universal Render Pipeline/Particles/Lit': fallback shader 'Universal Render Pipeline/Particles/SimpleLit' not found
Shader 'Universal Render Pipeline/Particles/Lit': fallback shader 'Universal Render Pipeline/Particles/SimpleLit' not found
Refreshing native plugins compatible for Editor in 0.75 ms, found 9 plugins.
Preloading 2 native plugins for Editor in 0.27 ms.
Unloading 3068 Unused Serialized files (Serialized files now loaded: 0)
System memory in use before: 140.9 MB.
System memory in use after: 138.7 MB.

Unloading 37 unused Assets to reduce memory usage. Loaded Objects now: 3664.
Total: 3.997600 ms (FindLiveObjects: 0.405800 ms CreateObjectMapping: 0.084600 ms MarkObjects: 2.246700 ms  DeleteObjects: 1.258900 ms)

AssetImportParameters requested are different than current active one (requested -> active):
  custom:graphics/normal-map-encoding: 01000000000000000000000000000000 -> 02000000000000000000000000000000
========================================================================
Received Prepare
Registering precompiled user dll's ...
Registered in 0.012239 seconds.
Begin MonoManager ReloadAssembly
Native extension for WindowsStandalone target not found
Refreshing native plugins compatible for Editor in 0.86 ms, found 9 plugins.
Preloading 2 native plugins for Editor in 0.28 ms.
NullReferenceException: Object reference not set to an instance of an object
  at Unity.XR.Oculus.OculusLoader.AssetPathToAbsolutePath (System.String assetPath) [0x00048] in C:\Users\audtj\OneDrive\Desktop\unityHub\Maze VR Game Project\Library\PackageCache\com.unity.xr.oculus@1.9.1\Runtime\OculusLoader.cs:249 
  at Unity.XR.Oculus.OculusLoader.EditorLoadOVRPlugin () [0x0007b] in C:\Users\audtj\OneDrive\Desktop\unityHub\Maze VR Game Project\Library\PackageCache\com.unity.xr.oculus@1.9.1\Runtime\OculusLoader.cs:234 

(Filename: Library/PackageCache/com.unity.xr.oculus@1.9.1/Runtime/OculusLoader.cs Line: 249)

Mono: successfully reloaded assembly
- Completed reload, in  1.248 seconds
Platform modules already initialized, skipping
Switching build target platform(5) subTarget(0) extendedPlatform(0) -> platform(13) subTarget(524288) extendedPlatform(0)
Shader 'Universal Render Pipeline/Particles/Lit': fallback shader 'Universal Render Pipeline/Particles/SimpleLit' not found
Shader 'Universal Render Pipeline/Particles/Lit': fallback shader 'Universal Render Pipeline/Particles/SimpleLit' not found
Refreshing native plugins compatible for Editor in 0.84 ms, found 9 plugins.
Preloading 2 native plugins for Editor in 0.26 ms.
Unloading 3068 Unused Serialized files (Serialized files now loaded: 0)
System memory in use before: 140.9 MB.
System memory in use after: 138.8 MB.

Unloading 37 unused Assets to reduce memory usage. Loaded Objects now: 3668.
Total: 3.915000 ms (FindLiveObjects: 0.375400 ms CreateObjectMapping: 0.080800 ms MarkObjects: 2.181600 ms  DeleteObjects: 1.276300 ms)

AssetImportParameters requested are different than current active one (requested -> active):
  custom:graphics/normal-map-encoding: 01000000000000000000000000000000 -> 02000000000000000000000000000000
========================================================================
Received Prepare
Registering precompiled user dll's ...
Registered in 0.012109 seconds.
Begin MonoManager ReloadAssembly
Native extension for WindowsStandalone target not found
Refreshing native plugins compatible for Editor in 1.17 ms, found 9 plugins.
Preloading 2 native plugins for Editor in 0.32 ms.
NullReferenceException: Object reference not set to an instance of an object
  at Unity.XR.Oculus.OculusLoader.AssetPathToAbsolutePath (System.String assetPath) [0x00048] in C:\Users\audtj\OneDrive\Desktop\unityHub\Maze VR Game Project\Library\PackageCache\com.unity.xr.oculus@1.9.1\Runtime\OculusLoader.cs:249 
  at Unity.XR.Oculus.OculusLoader.EditorLoadOVRPlugin () [0x0007b] in C:\Users\audtj\OneDrive\Desktop\unityHub\Maze VR Game Project\Library\PackageCache\com.unity.xr.oculus@1.9.1\Runtime\OculusLoader.cs:234 

(Filename: Library/PackageCache/com.unity.xr.oculus@1.9.1/Runtime/OculusLoader.cs Line: 249)

Mono: successfully reloaded assembly
- Completed reload, in  1.251 seconds
Platform modules already initialized, skipping
Switching build target platform(5) subTarget(0) extendedPlatform(0) -> platform(13) subTarget(524288) extendedPlatform(0)
Shader 'Universal Render Pipeline/Particles/Lit': fallback shader 'Universal Render Pipeline/Particles/SimpleLit' not found
Shader 'Universal Render Pipeline/Particles/Lit': fallback shader 'Universal Render Pipeline/Particles/SimpleLit' not found
Refreshing native plugins compatible for Editor in 0.85 ms, found 9 plugins.
Preloading 2 native plugins for Editor in 0.28 ms.
Unloading 3068 Unused Serialized files (Serialized files now loaded: 0)
System memory in use before: 141.0 MB.
System memory in use after: 138.8 MB.

Unloading 37 unused Assets to reduce memory usage. Loaded Objects now: 3672.
Total: 3.548500 ms (FindLiveObjects: 0.380500 ms CreateObjectMapping: 0.086100 ms MarkObjects: 1.876700 ms  DeleteObjects: 1.204100 ms)

AssetImportParameters requested are different than current active one (requested -> active):
  custom:graphics/normal-map-encoding: 01000000000000000000000000000000 -> 02000000000000000000000000000000
========================================================================
Received Prepare
Registering precompiled user dll's ...
Registered in 0.013084 seconds.
Begin MonoManager ReloadAssembly
Native extension for WindowsStandalone target not found
Refreshing native plugins compatible for Editor in 0.82 ms, found 9 plugins.
Preloading 2 native plugins for Editor in 0.28 ms.
NullReferenceException: Object reference not set to an instance of an object
  at Unity.XR.Oculus.OculusLoader.AssetPathToAbsolutePath (System.String assetPath) [0x00048] in C:\Users\audtj\OneDrive\Desktop\unityHub\Maze VR Game Project\Library\PackageCache\com.unity.xr.oculus@1.9.1\Runtime\OculusLoader.cs:249 
  at Unity.XR.Oculus.OculusLoader.EditorLoadOVRPlugin () [0x0007b] in C:\Users\audtj\OneDrive\Desktop\unityHub\Maze VR Game Project\Library\PackageCache\com.unity.xr.oculus@1.9.1\Runtime\OculusLoader.cs:234 

(Filename: Library/PackageCache/com.unity.xr.oculus@1.9.1/Runtime/OculusLoader.cs Line: 249)

Mono: successfully reloaded assembly
- Completed reload, in  1.243 seconds
Platform modules already initialized, skipping
Switching build target platform(5) subTarget(0) extendedPlatform(0) -> platform(13) subTarget(524288) extendedPlatform(0)
Shader 'Universal Render Pipeline/Particles/Lit': fallback shader 'Universal Render Pipeline/Particles/SimpleLit' not found
Shader 'Universal Render Pipeline/Particles/Lit': fallback shader 'Universal Render Pipeline/Particles/SimpleLit' not found
Refreshing native plugins compatible for Editor in 0.86 ms, found 9 plugins.
Preloading 2 native plugins for Editor in 0.27 ms.
Unloading 3068 Unused Serialized files (Serialized files now loaded: 0)
System memory in use before: 141.0 MB.
System memory in use after: 138.8 MB.

Unloading 37 unused Assets to reduce memory usage. Loaded Objects now: 3676.
Total: 3.743200 ms (FindLiveObjects: 0.501600 ms CreateObjectMapping: 0.076400 ms MarkObjects: 1.927000 ms  DeleteObjects: 1.237100 ms)

AssetImportParameters requested are different than current active one (requested -> active):
  custom:graphics/normal-map-encoding: 01000000000000000000000000000000 -> 02000000000000000000000000000000
========================================================================
Received Prepare
Registering precompiled user dll's ...
Registered in 0.012423 seconds.
Begin MonoManager ReloadAssembly
Native extension for WindowsStandalone target not found
Refreshing native plugins compatible for Editor in 0.83 ms, found 9 plugins.
Preloading 2 native plugins for Editor in 0.28 ms.
NullReferenceException: Object reference not set to an instance of an object
  at Unity.XR.Oculus.OculusLoader.AssetPathToAbsolutePath (System.String assetPath) [0x00048] in C:\Users\audtj\OneDrive\Desktop\unityHub\Maze VR Game Project\Library\PackageCache\com.unity.xr.oculus@1.9.1\Runtime\OculusLoader.cs:249 
  at Unity.XR.Oculus.OculusLoader.EditorLoadOVRPlugin () [0x0007b] in C:\Users\audtj\OneDrive\Desktop\unityHub\Maze VR Game Project\Library\PackageCache\com.unity.xr.oculus@1.9.1\Runtime\OculusLoader.cs:234 

(Filename: Library/PackageCache/com.unity.xr.oculus@1.9.1/Runtime/OculusLoader.cs Line: 249)

Mono: successfully reloaded assembly
- Completed reload, in  1.296 seconds
Platform modules already initialized, skipping
Switching build target platform(5) subTarget(0) extendedPlatform(0) -> platform(13) subTarget(524288) extendedPlatform(0)
Shader 'Universal Render Pipeline/Particles/Lit': fallback shader 'Universal Render Pipeline/Particles/SimpleLit' not found
Shader 'Universal Render Pipeline/Particles/Lit': fallback shader 'Universal Render Pipeline/Particles/SimpleLit' not found
Refreshing native plugins compatible for Editor in 0.88 ms, found 9 plugins.
Preloading 2 native plugins for Editor in 0.29 ms.
Unloading 3068 Unused Serialized files (Serialized files now loaded: 0)
System memory in use before: 141.0 MB.
System memory in use after: 138.8 MB.

Unloading 37 unused Assets to reduce memory usage. Loaded Objects now: 3680.
Total: 3.552600 ms (FindLiveObjects: 0.370900 ms CreateObjectMapping: 0.109800 ms MarkObjects: 1.872400 ms  DeleteObjects: 1.198500 ms)

AssetImportParameters requested are different than current active one (requested -> active):
  custom:graphics/normal-map-encoding: 01000000000000000000000000000000 -> 02000000000000000000000000000000
========================================================================
Received Prepare
Registering precompiled user dll's ...
Registered in 0.012860 seconds.
Begin MonoManager ReloadAssembly
Native extension for WindowsStandalone target not found
Refreshing native plugins compatible for Editor in 0.86 ms, found 9 plugins.
Preloading 2 native plugins for Editor in 0.30 ms.
NullReferenceException: Object reference not set to an instance of an object
  at Unity.XR.Oculus.OculusLoader.AssetPathToAbsolutePath (System.String assetPath) [0x00048] in C:\Users\audtj\OneDrive\Desktop\unityHub\Maze VR Game Project\Library\PackageCache\com.unity.xr.oculus@1.9.1\Runtime\OculusLoader.cs:249 
  at Unity.XR.Oculus.OculusLoader.EditorLoadOVRPlugin () [0x0007b] in C:\Users\audtj\OneDrive\Desktop\unityHub\Maze VR Game Project\Library\PackageCache\com.unity.xr.oculus@1.9.1\Runtime\OculusLoader.cs:234 

(Filename: Library/PackageCache/com.unity.xr.oculus@1.9.1/Runtime/OculusLoader.cs Line: 249)

Mono: successfully reloaded assembly
- Completed reload, in  1.299 seconds
Platform modules already initialized, skipping
Switching build target platform(5) subTarget(0) extendedPlatform(0) -> platform(13) subTarget(524288) extendedPlatform(0)
Shader 'Universal Render Pipeline/Particles/Lit': fallback shader 'Universal Render Pipeline/Particles/SimpleLit' not found
Shader 'Universal Render Pipeline/Particles/Lit': fallback shader 'Universal Render Pipeline/Particles/SimpleLit' not found
Refreshing native plugins compatible for Editor in 0.86 ms, found 9 plugins.
Preloading 2 native plugins for Editor in 0.27 ms.
Unloading 3068 Unused Serialized files (Serialized files now loaded: 0)
System memory in use before: 141.1 MB.
System memory in use after: 138.9 MB.

Unloading 37 unused Assets to reduce memory usage. Loaded Objects now: 3684.
Total: 3.562200 ms (FindLiveObjects: 0.361900 ms CreateObjectMapping: 0.083200 ms MarkObjects: 1.914200 ms  DeleteObjects: 1.202000 ms)

AssetImportParameters requested are different than current active one (requested -> active):
  custom:graphics/normal-map-encoding: 01000000000000000000000000000000 -> 02000000000000000000000000000000
========================================================================
Received Prepare
Registering precompiled user dll's ...
Registered in 0.012202 seconds.
Begin MonoManager ReloadAssembly
Native extension for WindowsStandalone target not found
Refreshing native plugins compatible for Editor in 0.85 ms, found 9 plugins.
Preloading 2 native plugins for Editor in 0.28 ms.
NullReferenceException: Object reference not set to an instance of an object
  at Unity.XR.Oculus.OculusLoader.AssetPathToAbsolutePath (System.String assetPath) [0x00048] in C:\Users\audtj\OneDrive\Desktop\unityHub\Maze VR Game Project\Library\PackageCache\com.unity.xr.oculus@1.9.1\Runtime\OculusLoader.cs:249 
  at Unity.XR.Oculus.OculusLoader.EditorLoadOVRPlugin () [0x0007b] in C:\Users\audtj\OneDrive\Desktop\unityHub\Maze VR Game Project\Library\PackageCache\com.unity.xr.oculus@1.9.1\Runtime\OculusLoader.cs:234 

(Filename: Library/PackageCache/com.unity.xr.oculus@1.9.1/Runtime/OculusLoader.cs Line: 249)

Mono: successfully reloaded assembly
- Completed reload, in  1.308 seconds
Platform modules already initialized, skipping
Switching build target platform(5) subTarget(0) extendedPlatform(0) -> platform(13) subTarget(524288) extendedPlatform(0)
Shader 'Universal Render Pipeline/Particles/Lit': fallback shader 'Universal Render Pipeline/Particles/SimpleLit' not found
Shader 'Universal Render Pipeline/Particles/Lit': fallback shader 'Universal Render Pipeline/Particles/SimpleLit' not found
Refreshing native plugins compatible for Editor in 0.90 ms, found 9 plugins.
Preloading 2 native plugins for Editor in 0.30 ms.
Unloading 3068 Unused Serialized files (Serialized files now loaded: 0)
System memory in use before: 141.0 MB.
System memory in use after: 138.8 MB.

Unloading 37 unused Assets to reduce memory usage. Loaded Objects now: 3688.
Total: 3.938400 ms (FindLiveObjects: 0.408200 ms CreateObjectMapping: 0.084800 ms MarkObjects: 2.165100 ms  DeleteObjects: 1.279400 ms)

AssetImportParameters requested are different than current active one (requested -> active):
  custom:graphics/normal-map-encoding: 01000000000000000000000000000000 -> 02000000000000000000000000000000
========================================================================
Received Prepare
Registering precompiled user dll's ...
Registered in 0.012984 seconds.
Begin MonoManager ReloadAssembly
Native extension for WindowsStandalone target not found
Refreshing native plugins compatible for Editor in 0.91 ms, found 9 plugins.
Preloading 2 native plugins for Editor in 0.32 ms.
NullReferenceException: Object reference not set to an instance of an object
  at Unity.XR.Oculus.OculusLoader.AssetPathToAbsolutePath (System.String assetPath) [0x00048] in C:\Users\audtj\OneDrive\Desktop\unityHub\Maze VR Game Project\Library\PackageCache\com.unity.xr.oculus@1.9.1\Runtime\OculusLoader.cs:249 
  at Unity.XR.Oculus.OculusLoader.EditorLoadOVRPlugin () [0x0007b] in C:\Users\audtj\OneDrive\Desktop\unityHub\Maze VR Game Project\Library\PackageCache\com.unity.xr.oculus@1.9.1\Runtime\OculusLoader.cs:234 

(Filename: Library/PackageCache/com.unity.xr.oculus@1.9.1/Runtime/OculusLoader.cs Line: 249)

Mono: successfully reloaded assembly
- Completed reload, in  1.431 seconds
Platform modules already initialized, skipping
Switching build target platform(5) subTarget(0) extendedPlatform(0) -> platform(13) subTarget(524288) extendedPlatform(0)
Shader 'Universal Render Pipeline/Particles/Lit': fallback shader 'Universal Render Pipeline/Particles/SimpleLit' not found
Shader 'Universal Render Pipeline/Particles/Lit': fallback shader 'Universal Render Pipeline/Particles/SimpleLit' not found
Refreshing native plugins compatible for Editor in 0.89 ms, found 9 plugins.
Preloading 2 native plugins for Editor in 0.28 ms.
Unloading 3068 Unused Serialized files (Serialized files now loaded: 0)
System memory in use before: 141.0 MB.
System memory in use after: 138.8 MB.

Unloading 37 unused Assets to reduce memory usage. Loaded Objects now: 3692.
Total: 3.806200 ms (FindLiveObjects: 0.382200 ms CreateObjectMapping: 0.087700 ms MarkObjects: 2.040600 ms  DeleteObjects: 1.294700 ms)

AssetImportParameters requested are different than current active one (requested -> active):
  custom:graphics/normal-map-encoding: 01000000000000000000000000000000 -> 02000000000000000000000000000000
========================================================================
Received Prepare
Registering precompiled user dll's ...
Registered in 0.012935 seconds.
Begin MonoManager ReloadAssembly
Native extension for WindowsStandalone target not found
Refreshing native plugins compatible for Editor in 0.98 ms, found 9 plugins.
Preloading 2 native plugins for Editor in 0.30 ms.
NullReferenceException: Object reference not set to an instance of an object
  at Unity.XR.Oculus.OculusLoader.AssetPathToAbsolutePath (System.String assetPath) [0x00048] in C:\Users\audtj\OneDrive\Desktop\unityHub\Maze VR Game Project\Library\PackageCache\com.unity.xr.oculus@1.9.1\Runtime\OculusLoader.cs:249 
  at Unity.XR.Oculus.OculusLoader.EditorLoadOVRPlugin () [0x0007b] in C:\Users\audtj\OneDrive\Desktop\unityHub\Maze VR Game Project\Library\PackageCache\com.unity.xr.oculus@1.9.1\Runtime\OculusLoader.cs:234 

(Filename: Library/PackageCache/com.unity.xr.oculus@1.9.1/Runtime/OculusLoader.cs Line: 249)

Mono: successfully reloaded assembly
- Completed reload, in  1.473 seconds
Platform modules already initialized, skipping
Switching build target platform(5) subTarget(0) extendedPlatform(0) -> platform(13) subTarget(524288) extendedPlatform(0)
Shader 'Universal Render Pipeline/Particles/Lit': fallback shader 'Universal Render Pipeline/Particles/SimpleLit' not found
Shader 'Universal Render Pipeline/Particles/Lit': fallback shader 'Universal Render Pipeline/Particles/SimpleLit' not found
Refreshing native plugins compatible for Editor in 0.98 ms, found 9 plugins.
Preloading 2 native plugins for Editor in 0.36 ms.
Unloading 3068 Unused Serialized files (Serialized files now loaded: 0)
System memory in use before: 141.1 MB.
System memory in use after: 138.9 MB.

Unloading 37 unused Assets to reduce memory usage. Loaded Objects now: 3696.
Total: 4.173600 ms (FindLiveObjects: 0.400300 ms CreateObjectMapping: 0.085800 ms MarkObjects: 2.185200 ms  DeleteObjects: 1.501300 ms)

AssetImportParameters requested are different than current active one (requested -> active):
  custom:graphics/normal-map-encoding: 01000000000000000000000000000000 -> 02000000000000000000000000000000
========================================================================
Received Prepare
Registering precompiled user dll's ...
Registered in 0.012923 seconds.
Begin MonoManager ReloadAssembly
Native extension for WindowsStandalone target not found
Refreshing native plugins compatible for Editor in 0.96 ms, found 9 plugins.
Preloading 2 native plugins for Editor in 0.49 ms.
NullReferenceException: Object reference not set to an instance of an object
  at Unity.XR.Oculus.OculusLoader.AssetPathToAbsolutePath (System.String assetPath) [0x00048] in C:\Users\audtj\OneDrive\Desktop\unityHub\Maze VR Game Project\Library\PackageCache\com.unity.xr.oculus@1.9.1\Runtime\OculusLoader.cs:249 
  at Unity.XR.Oculus.OculusLoader.EditorLoadOVRPlugin () [0x0007b] in C:\Users\audtj\OneDrive\Desktop\unityHub\Maze VR Game Project\Library\PackageCache\com.unity.xr.oculus@1.9.1\Runtime\OculusLoader.cs:234 

(Filename: Library/PackageCache/com.unity.xr.oculus@1.9.1/Runtime/OculusLoader.cs Line: 249)

Mono: successfully reloaded assembly
- Completed reload, in  1.375 seconds
Platform modules already initialized, skipping
Switching build target platform(5) subTarget(0) extendedPlatform(0) -> platform(13) subTarget(524288) extendedPlatform(0)
Shader 'Universal Render Pipeline/Particles/Lit': fallback shader 'Universal Render Pipeline/Particles/SimpleLit' not found
Shader 'Universal Render Pipeline/Particles/Lit': fallback shader 'Universal Render Pipeline/Particles/SimpleLit' not found
Refreshing native plugins compatible for Editor in 0.87 ms, found 9 plugins.
Preloading 2 native plugins for Editor in 0.27 ms.
Unloading 3068 Unused Serialized files (Serialized files now loaded: 0)
System memory in use before: 141.0 MB.
System memory in use after: 138.8 MB.

Unloading 37 unused Assets to reduce memory usage. Loaded Objects now: 3700.
Total: 3.933900 ms (FindLiveObjects: 0.559800 ms CreateObjectMapping: 0.107600 ms MarkObjects: 2.025800 ms  DeleteObjects: 1.239400 ms)

AssetImportParameters requested are different than current active one (requested -> active):
  custom:graphics/normal-map-encoding: 01000000000000000000000000000000 -> 02000000000000000000000000000000
AssetImportWorkerClient::OnTransportError - code=2 error=End of file
